Device: cuda
  GPU 0: NVIDIA A16, 14.6 GB

Dataset: ./combined_building_v2
  Task: building (target_class=1, binary_masks=True)
  Train: 17,298 (69%)
  Val:   3,747 (15%)
  Test:  3,939 (16%)

Model: convnext_xlarge + MLP Decoder
  Encoder: convnext_xlarge (348,143,872 params)
  Encoder channels: [256, 512, 1024, 2048]
  Decoder: MLP (embed_dim=256, 1,838,337 params)
  Total parameters: 349,982,209
  Dropout: 0.1

Training config:
  Epochs: 80 (patience: 15)
  Batch size: 6 x 1 accumulation = 6 effective
  Encoder LR: 6.00e-06 | Decoder LR: 6.00e-05
  Weight decay: 0.0005
  Loss: Focal (alpha=0.25, gamma=2.0) + Dice (50/50)
  Scheduler: OneCycleLR (230640 total steps)
  Mixed precision: fp16

========================================================================================================================
 EP |    Enc LR    Dec LR |  TrLoss  TrAcc  TrIoU TrPrec  TrRec   TrF1 |   VLoss   VAcc   VIoU  VPrec   VRec    VF1 |    EMA |    T
========================================================================================================================
    batch 200/2883, loss: 0.3356, lr: 2.44e-07
    batch 400/2883, loss: 0.4171, lr: 2.57e-07
    batch 600/2883, loss: 0.2869, lr: 2.78e-07
    batch 800/2883, loss: 0.3633, lr: 3.08e-07
    batch 1000/2883, loss: 0.3222, lr: 3.46e-07
    batch 1200/2883, loss: 0.2175, lr: 3.93e-07
    batch 1400/2883, loss: 0.3854, lr: 4.47e-07
    batch 1600/2883, loss: 0.3707, lr: 5.09e-07
    batch 1800/2883, loss: 0.2730, lr: 5.79e-07
    batch 2000/2883, loss: 0.3259, lr: 6.57e-07
    batch 2200/2883, loss: 0.1513, lr: 7.42e-07
    batch 2400/2883, loss: 0.2712, lr: 8.34e-07
    batch 2600/2883, loss: 0.2725, lr: 9.33e-07
    batch 2800/2883, loss: 0.2583, lr: 1.04e-06
  1 |  1.08e-06  1.08e-05 |  0.3070 0.8539 0.4173 0.4585 0.8227 0.5888 |  0.2744 0.9437 0.6431 0.7031 0.8828 0.7828 |    N/A | 5541s ★ BEST
    batch 200/2883, loss: 0.3795, lr: 1.20e-06
    batch 400/2883, loss: 0.1852, lr: 1.32e-06
    batch 600/2883, loss: 0.2859, lr: 1.44e-06
    batch 800/2883, loss: 0.1778, lr: 1.57e-06
    batch 1000/2883, loss: 0.1489, lr: 1.71e-06
    batch 1200/2883, loss: 0.1948, lr: 1.85e-06
    batch 1400/2883, loss: 0.3092, lr: 1.99e-06
    batch 1600/2883, loss: 0.2168, lr: 2.13e-06
    batch 1800/2883, loss: 0.4041, lr: 2.28e-06
    batch 2000/2883, loss: 0.2094, lr: 2.43e-06
    batch 2200/2883, loss: 0.1331, lr: 2.59e-06
    batch 2400/2883, loss: 0.1212, lr: 2.74e-06
    batch 2600/2883, loss: 0.0959, lr: 2.90e-06
    batch 2800/2883, loss: 0.1487, lr: 3.06e-06
  2 |  3.12e-06  3.12e-05 |  0.1780 0.9441 0.6479 0.7645 0.8094 0.7863 |  0.1698 0.9629 0.7250 0.8305 0.8510 0.8406 |    N/A | 5531s ★ BEST
    batch 200/2883, loss: 0.1698, lr: 3.28e-06
    batch 400/2883, loss: 0.1020, lr: 3.43e-06
    batch 600/2883, loss: 0.1251, lr: 3.59e-06
    batch 800/2883, loss: 0.1271, lr: 3.74e-06
    batch 1000/2883, loss: 0.1173, lr: 3.90e-06
    batch 1200/2883, loss: 0.1342, lr: 4.05e-06
    batch 1400/2883, loss: 0.1029, lr: 4.19e-06
    batch 1600/2883, loss: 0.0682, lr: 4.34e-06
    batch 1800/2883, loss: 0.0986, lr: 4.48e-06
    batch 2000/2883, loss: 0.0969, lr: 4.61e-06
    batch 2200/2883, loss: 0.0978, lr: 4.75e-06
    batch 2400/2883, loss: 0.1318, lr: 4.87e-06
    batch 2600/2883, loss: 0.0952, lr: 4.99e-06
    batch 2800/2883, loss: 0.0660, lr: 5.11e-06
  3 |  5.16e-06  5.16e-05 |  0.1207 0.9560 0.7066 0.8216 0.8346 0.8281 |  0.1406 0.9666 0.7470 0.8521 0.8582 0.8552 |    N/A | 5529s ★ BEST
    batch 200/2883, loss: 0.0618, lr: 5.26e-06
    batch 400/2883, loss: 0.1634, lr: 5.37e-06
    batch 600/2883, loss: 0.0654, lr: 5.46e-06
    batch 800/2883, loss: 0.0891, lr: 5.55e-06
    batch 1000/2883, loss: 0.1185, lr: 5.63e-06
    batch 1200/2883, loss: 0.0792, lr: 5.70e-06
    batch 1400/2883, loss: 0.1201, lr: 5.77e-06
    batch 1600/2883, loss: 0.1187, lr: 5.83e-06
    batch 1800/2883, loss: 0.0537, lr: 5.88e-06
    batch 2000/2883, loss: 0.0897, lr: 5.92e-06
    batch 2200/2883, loss: 0.1158, lr: 5.95e-06
    batch 2400/2883, loss: 0.0412, lr: 5.98e-06
    batch 2600/2883, loss: 0.0839, lr: 5.99e-06
    batch 2800/2883, loss: 0.1059, lr: 6.00e-06
  4 |  6.00e-06  6.00e-05 |  0.1045 0.9603 0.7317 0.8370 0.8533 0.8451 |  0.1313 0.9690 0.7639 0.8599 0.8726 0.8662 |    N/A | 5520s ★ BEST
    batch 200/2883, loss: 0.0743, lr: 6.00e-06
    batch 400/2883, loss: 0.0592, lr: 6.00e-06
    batch 600/2883, loss: 0.0866, lr: 6.00e-06
    batch 800/2883, loss: 0.0948, lr: 6.00e-06
    batch 1000/2883, loss: 0.1085, lr: 6.00e-06
    batch 1200/2883, loss: 0.0962, lr: 6.00e-06
    batch 1400/2883, loss: 0.1330, lr: 6.00e-06
    batch 1600/2883, loss: 0.1357, lr: 6.00e-06
    batch 1800/2883, loss: 0.0829, lr: 6.00e-06
    batch 2000/2883, loss: 0.1075, lr: 6.00e-06
    batch 2200/2883, loss: 0.0564, lr: 6.00e-06
    batch 2400/2883, loss: 0.0875, lr: 6.00e-06
    batch 2600/2883, loss: 0.0643, lr: 6.00e-06
    batch 2800/2883, loss: 0.0414, lr: 6.00e-06
  5 |  6.00e-06  6.00e-05 |  0.0981 0.9625 0.7447 0.8468 0.8607 0.8537 |  0.1277 0.9704 0.7698 0.8772 0.8628 0.8699 |    N/A | 5508s ★ BEST
    batch 200/2883, loss: 0.0898, lr: 6.00e-06
    batch 400/2883, loss: 0.0487, lr: 6.00e-06
    batch 600/2883, loss: 0.1178, lr: 6.00e-06
    batch 800/2883, loss: 0.0595, lr: 6.00e-06
    batch 1000/2883, loss: 0.0981, lr: 6.00e-06
    batch 1200/2883, loss: 0.5121, lr: 5.99e-06
    batch 1400/2883, loss: 0.1520, lr: 5.99e-06
    batch 1600/2883, loss: 0.1401, lr: 5.99e-06
    batch 1800/2883, loss: 0.1273, lr: 5.99e-06
    batch 2000/2883, loss: 0.1033, lr: 5.99e-06
    batch 2200/2883, loss: 0.1038, lr: 5.99e-06
    batch 2400/2883, loss: 0.0749, lr: 5.99e-06
    batch 2600/2883, loss: 0.0870, lr: 5.99e-06
    batch 2800/2883, loss: 0.0643, lr: 5.99e-06
  6 |  5.99e-06  5.99e-05 |  0.0942 0.9642 0.7550 0.8531 0.8679 0.8604 |  0.1216 0.9710 0.7776 0.8669 0.8830 0.8749 |    N/A | 5496s ★ BEST
    batch 200/2883, loss: 0.0866, lr: 5.99e-06
    batch 400/2883, loss: 0.1102, lr: 5.99e-06
    batch 600/2883, loss: 0.0623, lr: 5.99e-06
    batch 800/2883, loss: 0.0983, lr: 5.99e-06
    batch 1000/2883, loss: 0.0790, lr: 5.99e-06
    batch 1200/2883, loss: 0.0469, lr: 5.99e-06
    batch 1400/2883, loss: 0.0935, lr: 5.98e-06
    batch 1600/2883, loss: 0.0824, lr: 5.98e-06
    batch 1800/2883, loss: 0.0704, lr: 5.98e-06
    batch 2000/2883, loss: 0.0993, lr: 5.98e-06
    batch 2200/2883, loss: 0.0545, lr: 5.98e-06
    batch 2400/2883, loss: 0.0732, lr: 5.98e-06
    batch 2600/2883, loss: 0.0759, lr: 5.98e-06
    batch 2800/2883, loss: 0.1451, lr: 5.98e-06
  7 |  5.98e-06  5.98e-05 |  0.0920 0.9652 0.7608 0.8567 0.8717 0.8641 |  0.1193 0.9714 0.7804 0.8689 0.8845 0.8766 |    N/A | 5496s ★ BEST
    batch 200/2883, loss: 0.0976, lr: 5.98e-06
    batch 400/2883, loss: 0.0833, lr: 5.97e-06
    batch 600/2883, loss: 0.1183, lr: 5.97e-06
    batch 800/2883, loss: 0.0676, lr: 5.97e-06
    batch 1000/2883, loss: 0.0416, lr: 5.97e-06
    batch 1200/2883, loss: 0.0646, lr: 5.97e-06
    batch 1400/2883, loss: 0.0827, lr: 5.97e-06
    batch 1600/2883, loss: 0.0736, lr: 5.97e-06
    batch 1800/2883, loss: 0.0711, lr: 5.97e-06
    batch 2000/2883, loss: 0.0635, lr: 5.97e-06
    batch 2200/2883, loss: 0.1099, lr: 5.96e-06
    batch 2400/2883, loss: 0.0676, lr: 5.96e-06
    batch 2600/2883, loss: 0.0818, lr: 5.96e-06
    batch 2800/2883, loss: 0.0549, lr: 5.96e-06
  8 |  5.96e-06  5.96e-05 |  0.0898 0.9661 0.7656 0.8605 0.8740 0.8672 |  0.1192 0.9721 0.7857 0.8702 0.8900 0.8800 |    N/A | 5498s ★ BEST
    batch 200/2883, loss: 0.0807, lr: 5.96e-06
    batch 400/2883, loss: 0.0650, lr: 5.96e-06
    batch 600/2883, loss: 0.0802, lr: 5.95e-06
    batch 800/2883, loss: 0.0716, lr: 5.95e-06
    batch 1000/2883, loss: 0.0888, lr: 5.95e-06
    batch 1200/2883, loss: 0.1118, lr: 5.95e-06
    batch 1400/2883, loss: 0.2438, lr: 5.95e-06
    batch 1600/2883, loss: 0.0821, lr: 5.95e-06
    batch 1800/2883, loss: 0.0585, lr: 5.95e-06
    batch 2000/2883, loss: 0.0738, lr: 5.94e-06
    batch 2200/2883, loss: 0.0655, lr: 5.94e-06
    batch 2400/2883, loss: 0.1200, lr: 5.94e-06
    batch 2600/2883, loss: 0.0564, lr: 5.94e-06
    batch 2800/2883, loss: 0.1343, lr: 5.94e-06
  9 |  5.94e-06  5.94e-05 |  0.0878 0.9668 0.7699 0.8626 0.8774 0.8700 |  0.1154 0.9725 0.7878 0.8756 0.8871 0.8813 |    N/A | 5495s ★ BEST
    batch 200/2883, loss: 0.0672, lr: 5.93e-06
    batch 400/2883, loss: 0.1294, lr: 5.93e-06
    batch 600/2883, loss: 0.1007, lr: 5.93e-06
    batch 800/2883, loss: 0.0890, lr: 5.93e-06
    batch 1000/2883, loss: 0.0629, lr: 5.93e-06
    batch 1200/2883, loss: 0.1127, lr: 5.93e-06
    batch 1400/2883, loss: 0.1114, lr: 5.92e-06
    batch 1600/2883, loss: 0.1063, lr: 5.92e-06
    batch 1800/2883, loss: 0.0485, lr: 5.92e-06
    batch 2000/2883, loss: 0.0840, lr: 5.92e-06
    batch 2200/2883, loss: 0.0719, lr: 5.92e-06
    batch 2400/2883, loss: 0.0686, lr: 5.91e-06
    batch 2600/2883, loss: 0.0815, lr: 5.91e-06
    batch 2800/2883, loss: 0.1069, lr: 5.91e-06
 10 |  5.91e-06  5.91e-05 |  0.0863 0.9674 0.7743 0.8661 0.8796 0.8728 |  0.1157 0.9727 0.7865 0.8852 0.8759 0.8805 |    N/A | 5496s (1/15)
    batch 200/2883, loss: 0.0643, lr: 5.91e-06
    batch 400/2883, loss: 0.0823, lr: 5.90e-06
    batch 600/2883, loss: 0.0775, lr: 5.90e-06
    batch 800/2883, loss: 0.0675, lr: 5.90e-06
    batch 1000/2883, loss: 0.0608, lr: 5.90e-06
    batch 1200/2883, loss: 0.1241, lr: 5.90e-06
    batch 1400/2883, loss: 0.0726, lr: 5.89e-06
    batch 1600/2883, loss: 0.0711, lr: 5.89e-06
    batch 1800/2883, loss: 0.0774, lr: 5.89e-06
    batch 2000/2883, loss: 0.1281, lr: 5.89e-06
    batch 2200/2883, loss: 0.0571, lr: 5.88e-06
    batch 2400/2883, loss: 0.0706, lr: 5.88e-06
    batch 2600/2883, loss: 0.0845, lr: 5.88e-06
    batch 2800/2883, loss: 0.0757, lr: 5.88e-06
 11 |  5.88e-06  5.88e-05 |  0.0840 0.9679 0.7772 0.8682 0.8813 0.8747 |  0.1136 0.9735 0.7940 0.8809 0.8895 0.8852 |    N/A | 5500s ★ BEST
    batch 200/2883, loss: 0.1647, lr: 5.87e-06
    batch 400/2883, loss: 0.0915, lr: 5.87e-06
    batch 600/2883, loss: 0.0560, lr: 5.87e-06
    batch 800/2883, loss: 0.0763, lr: 5.87e-06
    batch 1000/2883, loss: 0.0766, lr: 5.86e-06
    batch 1200/2883, loss: 0.0622, lr: 5.86e-06
    batch 1400/2883, loss: 0.1070, lr: 5.86e-06
    batch 1600/2883, loss: 0.0519, lr: 5.85e-06
    batch 1800/2883, loss: 0.0554, lr: 5.85e-06
    batch 2000/2883, loss: 0.1257, lr: 5.85e-06
    batch 2200/2883, loss: 0.1065, lr: 5.85e-06
    batch 2400/2883, loss: 0.0860, lr: 5.84e-06
    batch 2600/2883, loss: 0.1039, lr: 5.84e-06
    batch 2800/2883, loss: 0.0585, lr: 5.84e-06
 12 |  5.84e-06  5.84e-05 |  0.0832 0.9685 0.7803 0.8699 0.8834 0.8766 |  0.1133 0.9733 0.7934 0.8786 0.8910 0.8848 |    N/A | 5506s (1/15)
    batch 200/2883, loss: 0.0821, lr: 5.83e-06
    batch 400/2883, loss: 0.1175, lr: 5.83e-06
    batch 600/2883, loss: 0.0457, lr: 5.83e-06
    batch 800/2883, loss: 0.0809, lr: 5.83e-06
    batch 1000/2883, loss: 0.1134, lr: 5.82e-06
    batch 1200/2883, loss: 0.0471, lr: 5.82e-06
    batch 1400/2883, loss: 0.0813, lr: 5.82e-06
    batch 1600/2883, loss: 0.0933, lr: 5.81e-06
    batch 1800/2883, loss: 0.1059, lr: 5.81e-06
    batch 2000/2883, loss: 0.0738, lr: 5.81e-06
    batch 2200/2883, loss: 0.0649, lr: 5.81e-06
    batch 2400/2883, loss: 0.1195, lr: 5.80e-06
    batch 2600/2883, loss: 0.0569, lr: 5.80e-06
    batch 2800/2883, loss: 0.0820, lr: 5.80e-06
 13 |  5.79e-06  5.79e-05 |  0.0821 0.9689 0.7837 0.8728 0.8848 0.8787 |  0.1120 0.9737 0.7963 0.8787 0.8947 0.8866 |    N/A | 5504s ★ BEST
    batch 200/2883, loss: 0.0560, lr: 5.79e-06
    batch 400/2883, loss: 0.0473, lr: 5.79e-06
    batch 600/2883, loss: 0.1105, lr: 5.79e-06
    batch 800/2883, loss: 0.0711, lr: 5.78e-06
    batch 1000/2883, loss: 0.0472, lr: 5.78e-06
    batch 1200/2883, loss: 0.0899, lr: 5.78e-06
    batch 1400/2883, loss: 0.0895, lr: 5.77e-06
    batch 1600/2883, loss: 0.0752, lr: 5.77e-06
    batch 1800/2883, loss: 0.0517, lr: 5.77e-06
    batch 2000/2883, loss: 0.0824, lr: 5.76e-06
    batch 2200/2883, loss: 0.0910, lr: 5.76e-06
    batch 2400/2883, loss: 0.0495, lr: 5.76e-06
    batch 2600/2883, loss: 0.0711, lr: 5.75e-06
    batch 2800/2883, loss: 0.0757, lr: 5.75e-06
 14 |  5.75e-06  5.75e-05 |  0.0813 0.9691 0.7840 0.8726 0.8853 0.8789 |  0.1130 0.9741 0.7975 0.8884 0.8863 0.8873 |    N/A | 5495s ★ BEST
    batch 200/2883, loss: 0.0548, lr: 5.74e-06
    batch 400/2883, loss: 0.0587, lr: 5.74e-06
    batch 600/2883, loss: 0.0725, lr: 5.74e-06
    batch 800/2883, loss: 0.0602, lr: 5.73e-06
    batch 1000/2883, loss: 0.0573, lr: 5.73e-06
    batch 1200/2883, loss: 0.0729, lr: 5.73e-06
    batch 1400/2883, loss: 0.1008, lr: 5.72e-06
    batch 1600/2883, loss: 0.0775, lr: 5.72e-06
    batch 1800/2883, loss: 0.0995, lr: 5.72e-06
    batch 2000/2883, loss: 0.0847, lr: 5.71e-06
    batch 2200/2883, loss: 0.0506, lr: 5.71e-06
    batch 2400/2883, loss: 0.0470, lr: 5.70e-06
    batch 2600/2883, loss: 0.0732, lr: 5.70e-06
    batch 2800/2883, loss: 0.0589, lr: 5.70e-06
 15 |  5.70e-06  5.70e-05 |  0.0805 0.9695 0.7866 0.8742 0.8870 0.8806 |  0.1102 0.9739 0.7986 0.8769 0.8994 0.8880 |    N/A | 5499s ★ BEST
    batch 200/2883, loss: 0.0723, lr: 5.69e-06
    batch 400/2883, loss: 0.0579, lr: 5.69e-06
    batch 600/2883, loss: 0.0770, lr: 5.68e-06
    batch 800/2883, loss: 0.0530, lr: 5.68e-06
    batch 1000/2883, loss: 0.0557, lr: 5.68e-06
    batch 1200/2883, loss: 0.0573, lr: 5.67e-06
    batch 1400/2883, loss: 0.0961, lr: 5.67e-06
    batch 1600/2883, loss: 0.0660, lr: 5.66e-06
    batch 1800/2883, loss: 0.0902, lr: 5.66e-06
    batch 2000/2883, loss: 0.0569, lr: 5.66e-06
    batch 2200/2883, loss: 0.0643, lr: 5.65e-06
    batch 2400/2883, loss: 0.1020, lr: 5.65e-06
    batch 2600/2883, loss: 0.0833, lr: 5.64e-06
    batch 2800/2883, loss: 0.0199, lr: 5.64e-06
 16 |  5.64e-06  5.64e-05 |  0.0791 0.9699 0.7891 0.8758 0.8885 0.8821 |  0.1101 0.9743 0.8007 0.8814 0.8974 0.8893 |    N/A | 5502s ★ BEST
    batch 200/2883, loss: 0.0964, lr: 5.63e-06
    batch 400/2883, loss: 0.1069, lr: 5.63e-06
    batch 600/2883, loss: 0.0676, lr: 5.63e-06
    batch 800/2883, loss: 0.0620, lr: 5.62e-06
    batch 1000/2883, loss: 0.1216, lr: 5.62e-06
    batch 1200/2883, loss: 0.0769, lr: 5.61e-06
    batch 1400/2883, loss: 0.1359, lr: 5.61e-06
    batch 1600/2883, loss: 0.0687, lr: 5.60e-06
    batch 1800/2883, loss: 0.0741, lr: 5.60e-06
    batch 2000/2883, loss: 0.0609, lr: 5.60e-06
    batch 2200/2883, loss: 0.0639, lr: 5.59e-06
    batch 2400/2883, loss: 0.0872, lr: 5.59e-06
    batch 2600/2883, loss: 0.0663, lr: 5.58e-06
    batch 2800/2883, loss: 0.0652, lr: 5.58e-06
 17 |  5.58e-06  5.58e-05 |  0.0786 0.9701 0.7908 0.8777 0.8887 0.8832 |  0.1095 0.9746 0.8023 0.8838 0.8969 0.8903 |    N/A | 5496s ★ BEST
    batch 200/2883, loss: 0.0854, lr: 5.57e-06
    batch 400/2883, loss: 0.0343, lr: 5.57e-06
    batch 600/2883, loss: 0.1028, lr: 5.56e-06
    batch 800/2883, loss: 0.0797, lr: 5.56e-06
    batch 1000/2883, loss: 0.0344, lr: 5.55e-06
    batch 1200/2883, loss: 0.1523, lr: 5.55e-06
    batch 1400/2883, loss: 0.0927, lr: 5.55e-06
    batch 1600/2883, loss: 0.0841, lr: 5.54e-06
    batch 1800/2883, loss: 0.0872, lr: 5.54e-06
    batch 2000/2883, loss: 0.0929, lr: 5.53e-06
    batch 2200/2883, loss: 0.0434, lr: 5.53e-06
    batch 2400/2883, loss: 0.0809, lr: 5.52e-06
    batch 2600/2883, loss: 0.0589, lr: 5.52e-06
    batch 2800/2883, loss: 0.0677, lr: 5.51e-06
 18 |  5.51e-06  5.51e-05 |  0.0778 0.9706 0.7935 0.8794 0.8904 0.8849 |  0.1093 0.9742 0.8007 0.8756 0.9035 0.8893 |    N/A | 5499s (1/15)
    batch 200/2883, loss: 0.0504, lr: 5.51e-06
    batch 400/2883, loss: 0.0737, lr: 5.50e-06
    batch 600/2883, loss: 0.0922, lr: 5.50e-06
    batch 800/2883, loss: 0.0764, lr: 5.49e-06
    batch 1000/2883, loss: 0.0650, lr: 5.49e-06
    batch 1200/2883, loss: 0.0557, lr: 5.48e-06
    batch 1400/2883, loss: 0.0743, lr: 5.48e-06
    batch 1600/2883, loss: 0.0698, lr: 5.47e-06
    batch 1800/2883, loss: 0.0270, lr: 5.47e-06
    batch 2000/2883, loss: 0.0945, lr: 5.46e-06
    batch 2200/2883, loss: 0.0379, lr: 5.46e-06
    batch 2400/2883, loss: 0.0839, lr: 5.45e-06
    batch 2600/2883, loss: 0.0319, lr: 5.45e-06
    batch 2800/2883, loss: 0.1765, lr: 5.44e-06
 19 |  5.44e-06  5.44e-05 |  0.0769 0.9709 0.7954 0.8799 0.8922 0.8861 |  0.1052 0.9747 0.8024 0.8869 0.8939 0.8903 |    N/A | 5499s ★ BEST
    batch 200/2883, loss: 0.0683, lr: 5.44e-06
    batch 400/2883, loss: 0.0488, lr: 5.43e-06
    batch 600/2883, loss: 0.1596, lr: 5.43e-06
    batch 800/2883, loss: 0.0682, lr: 5.42e-06
    batch 1000/2883, loss: 0.0718, lr: 5.42e-06
    batch 1200/2883, loss: 0.0294, lr: 5.41e-06
    batch 1400/2883, loss: 0.0854, lr: 5.41e-06
    batch 1600/2883, loss: 0.0693, lr: 5.40e-06
    batch 1800/2883, loss: 0.0675, lr: 5.40e-06
    batch 2000/2883, loss: 0.0587, lr: 5.39e-06
    batch 2200/2883, loss: 0.0613, lr: 5.39e-06
    batch 2400/2883, loss: 0.0599, lr: 5.38e-06
    batch 2600/2883, loss: 0.0550, lr: 5.37e-06
    batch 2800/2883, loss: 0.0868, lr: 5.37e-06
 20 |  5.37e-06  5.37e-05 |  0.0757 0.9711 0.7970 0.8816 0.8925 0.8870 |  0.1075 0.9746 0.8032 0.8804 0.9016 0.8909 |    N/A | 5497s ★ BEST
    batch 200/2883, loss: 0.0488, lr: 5.36e-06
    batch 400/2883, loss: 0.0641, lr: 5.36e-06
    batch 600/2883, loss: 0.0974, lr: 5.35e-06
    batch 800/2883, loss: 0.0563, lr: 5.35e-06
    batch 1000/2883, loss: 0.0777, lr: 5.34e-06
    batch 1200/2883, loss: 0.0611, lr: 5.34e-06
    batch 1400/2883, loss: 0.0546, lr: 5.33e-06
    batch 1600/2883, loss: 0.0893, lr: 5.32e-06
    batch 1800/2883, loss: 0.0553, lr: 5.32e-06
    batch 2000/2883, loss: 0.0502, lr: 5.31e-06
    batch 2200/2883, loss: 0.0709, lr: 5.31e-06
    batch 2400/2883, loss: 0.0650, lr: 5.30e-06
    batch 2600/2883, loss: 0.0504, lr: 5.30e-06
    batch 2800/2883, loss: 0.0587, lr: 5.29e-06
 21 |  5.29e-06  5.29e-05 |  0.0751 0.9713 0.7983 0.8824 0.8934 0.8878 |  0.1019 0.9748 0.8052 0.8789 0.9057 0.8921 |    N/A | 5503s ★ BEST
    batch 200/2883, loss: 0.0702, lr: 5.28e-06
    batch 400/2883, loss: 0.0379, lr: 5.28e-06
    batch 600/2883, loss: 0.0697, lr: 5.27e-06
    batch 800/2883, loss: 0.0585, lr: 5.27e-06
    batch 1000/2883, loss: 0.0464, lr: 5.26e-06
    batch 1200/2883, loss: 0.0967, lr: 5.26e-06
    batch 1400/2883, loss: 0.0576, lr: 5.25e-06
    batch 1600/2883, loss: 0.0688, lr: 5.24e-06
    batch 1800/2883, loss: 0.0526, lr: 5.24e-06
    batch 2000/2883, loss: 0.0682, lr: 5.23e-06
    batch 2200/2883, loss: 0.0738, lr: 5.23e-06
    batch 2400/2883, loss: 0.0689, lr: 5.22e-06
    batch 2600/2883, loss: 0.1064, lr: 5.22e-06
    batch 2800/2883, loss: 0.0668, lr: 5.21e-06
 22 |  5.21e-06  5.21e-05 |  0.0754 0.9716 0.7995 0.8832 0.8941 0.8886 |  0.0997 0.9752 0.8057 0.8889 0.8959 0.8924 |    N/A | 5502s ★ BEST
    batch 200/2883, loss: 0.1009, lr: 5.20e-06
    batch 400/2883, loss: 0.0615, lr: 5.20e-06
    batch 600/2883, loss: 0.0822, lr: 5.19e-06
    batch 800/2883, loss: 0.1076, lr: 5.18e-06
    batch 1000/2883, loss: 0.0422, lr: 5.18e-06
    batch 1200/2883, loss: 0.0663, lr: 5.17e-06
    batch 1400/2883, loss: 0.0661, lr: 5.17e-06
    batch 1600/2883, loss: 0.0687, lr: 5.16e-06
    batch 1800/2883, loss: 0.0753, lr: 5.15e-06
    batch 2000/2883, loss: 0.0756, lr: 5.15e-06
    batch 2200/2883, loss: 0.0750, lr: 5.14e-06
    batch 2400/2883, loss: 0.0543, lr: 5.14e-06
    batch 2600/2883, loss: 0.0547, lr: 5.13e-06
    batch 2800/2883, loss: 0.0476, lr: 5.12e-06
 23 |  5.12e-06  5.12e-05 |  0.0741 0.9719 0.8021 0.8846 0.8959 0.8902 |  0.1057 0.9753 0.8074 0.8846 0.9025 0.8935 |    N/A | 5503s ★ BEST
    batch 200/2883, loss: 0.0711, lr: 5.12e-06
    batch 400/2883, loss: 0.0687, lr: 5.11e-06
    batch 600/2883, loss: 0.0369, lr: 5.10e-06
    batch 800/2883, loss: 0.0671, lr: 5.10e-06
    batch 1000/2883, loss: 0.0437, lr: 5.09e-06
    batch 1200/2883, loss: 0.0815, lr: 5.08e-06
    batch 1400/2883, loss: 0.0812, lr: 5.08e-06
    batch 1600/2883, loss: 0.0597, lr: 5.07e-06
    batch 1800/2883, loss: 0.0447, lr: 5.07e-06
    batch 2000/2883, loss: 0.0724, lr: 5.06e-06
    batch 2200/2883, loss: 0.0948, lr: 5.05e-06
    batch 2400/2883, loss: 0.0741, lr: 5.05e-06
    batch 2600/2883, loss: 0.0878, lr: 5.04e-06
    batch 2800/2883, loss: 0.1351, lr: 5.03e-06
 24 |  5.03e-06  5.03e-05 |  0.0743 0.9720 0.8029 0.8853 0.8961 0.8907 |  0.1014 0.9757 0.8094 0.8918 0.8975 0.8946 |    N/A | 5500s ★ BEST
    batch 200/2883, loss: 0.0580, lr: 5.03e-06
    batch 400/2883, loss: 0.0521, lr: 5.02e-06
    batch 600/2883, loss: 0.1011, lr: 5.01e-06
    batch 800/2883, loss: 0.0847, lr: 5.01e-06
    batch 1000/2883, loss: 0.0170, lr: 5.00e-06
    batch 1200/2883, loss: 0.1128, lr: 4.99e-06
    batch 1400/2883, loss: 0.0363, lr: 4.99e-06
    batch 1600/2883, loss: 0.0765, lr: 4.98e-06
    batch 1800/2883, loss: 0.0392, lr: 4.97e-06
    batch 2000/2883, loss: 0.1334, lr: 4.97e-06
    batch 2200/2883, loss: 0.0703, lr: 4.96e-06
    batch 2400/2883, loss: 0.0415, lr: 4.95e-06
    batch 2600/2883, loss: 0.0597, lr: 4.95e-06
    batch 2800/2883, loss: 0.0865, lr: 4.94e-06
 25 |  4.94e-06  4.94e-05 |  0.0732 0.9723 0.8039 0.8861 0.8965 0.8913 |  0.1075 0.9754 0.8083 0.8870 0.9011 0.8940 |    N/A | 5501s (1/15)
    batch 200/2883, loss: 0.0515, lr: 4.93e-06
    batch 400/2883, loss: 0.0547, lr: 4.93e-06
    batch 600/2883, loss: 0.0573, lr: 4.92e-06
    batch 800/2883, loss: 0.0827, lr: 4.91e-06
    batch 1000/2883, loss: 0.0816, lr: 4.91e-06
    batch 1200/2883, loss: 0.0686, lr: 4.90e-06
    batch 1400/2883, loss: 0.0453, lr: 4.89e-06
    batch 1600/2883, loss: 0.0576, lr: 4.89e-06
    batch 1800/2883, loss: 0.0652, lr: 4.88e-06
    batch 2000/2883, loss: 0.0280, lr: 4.87e-06
    batch 2200/2883, loss: 0.0519, lr: 4.87e-06
    batch 2400/2883, loss: 0.0701, lr: 4.86e-06
    batch 2600/2883, loss: 0.0422, lr: 4.85e-06
    batch 2800/2883, loss: 0.0696, lr: 4.85e-06
 26 |  4.84e-06  4.84e-05 |  0.0739 0.9725 0.8055 0.8875 0.8971 0.8923 |  0.0995 0.9754 0.8073 0.8888 0.8980 0.8934 |    N/A | 5502s (2/15)
    batch 200/2883, loss: 0.0532, lr: 4.84e-06
    batch 400/2883, loss: 0.0444, lr: 4.83e-06
    batch 600/2883, loss: 0.0401, lr: 4.82e-06
    batch 800/2883, loss: 0.0534, lr: 4.82e-06
    batch 1000/2883, loss: 0.0742, lr: 4.81e-06
    batch 1200/2883, loss: 0.0898, lr: 4.80e-06
    batch 1400/2883, loss: 0.0664, lr: 4.79e-06
    batch 1600/2883, loss: 0.0482, lr: 4.79e-06
    batch 1800/2883, loss: 0.0499, lr: 4.78e-06
    batch 2000/2883, loss: 0.0756, lr: 4.77e-06
    batch 2200/2883, loss: 0.0466, lr: 4.77e-06
    batch 2400/2883, loss: 0.0741, lr: 4.76e-06
    batch 2600/2883, loss: 0.0906, lr: 4.75e-06
    batch 2800/2883, loss: 0.0566, lr: 4.75e-06
 27 |  4.74e-06  4.74e-05 |  0.0732 0.9725 0.8056 0.8875 0.8972 0.8924 |  0.1029 0.9758 0.8104 0.8921 0.8984 0.8953 |    N/A | 5502s ★ BEST
    batch 200/2883, loss: 0.0640, lr: 4.74e-06
    batch 400/2883, loss: 0.0413, lr: 4.73e-06
    batch 600/2883, loss: 0.0472, lr: 4.72e-06
    batch 800/2883, loss: 0.0625, lr: 4.72e-06
    batch 1000/2883, loss: 0.0606, lr: 4.71e-06
    batch 1200/2883, loss: 0.0598, lr: 4.70e-06
    batch 1400/2883, loss: 0.0871, lr: 4.69e-06
    batch 1600/2883, loss: 0.1313, lr: 4.69e-06
    batch 1800/2883, loss: 0.0393, lr: 4.68e-06
    batch 2000/2883, loss: 0.0962, lr: 4.67e-06
    batch 2200/2883, loss: 0.0772, lr: 4.67e-06
    batch 2400/2883, loss: 0.0574, lr: 4.66e-06
    batch 2600/2883, loss: 0.0993, lr: 4.65e-06
    batch 2800/2883, loss: 0.0867, lr: 4.64e-06
 28 |  4.64e-06  4.64e-05 |  0.0715 0.9730 0.8084 0.8893 0.8988 0.8940 |  0.1036 0.9756 0.8094 0.8888 0.9007 0.8947 |    N/A | 5497s (1/15)
    batch 200/2883, loss: 0.0247, lr: 4.63e-06
    batch 400/2883, loss: 0.0613, lr: 4.63e-06
    batch 600/2883, loss: 0.0708, lr: 4.62e-06
    batch 800/2883, loss: 0.0648, lr: 4.61e-06
    batch 1000/2883, loss: 0.0397, lr: 4.60e-06
    batch 1200/2883, loss: 0.0879, lr: 4.60e-06
    batch 1400/2883, loss: 0.0729, lr: 4.59e-06
    batch 1600/2883, loss: 0.0860, lr: 4.58e-06
    batch 1800/2883, loss: 0.0660, lr: 4.58e-06
    batch 2000/2883, loss: 0.0842, lr: 4.57e-06
    batch 2200/2883, loss: 0.0774, lr: 4.56e-06
    batch 2400/2883, loss: 0.0662, lr: 4.55e-06
    batch 2600/2883, loss: 0.0634, lr: 4.55e-06
    batch 2800/2883, loss: 0.0825, lr: 4.54e-06
 29 |  4.54e-06  4.54e-05 |  0.0712 0.9731 0.8092 0.8902 0.8989 0.8945 |  0.1030 0.9760 0.8120 0.8895 0.9031 0.8962 |    N/A | 5505s ★ BEST
    batch 200/2883, loss: 0.0683, lr: 4.53e-06
    batch 400/2883, loss: 0.0733, lr: 4.52e-06
    batch 600/2883, loss: 0.0995, lr: 4.51e-06
    batch 800/2883, loss: 0.0324, lr: 4.51e-06
    batch 1000/2883, loss: 0.0434, lr: 4.50e-06
    batch 1200/2883, loss: 0.0754, lr: 4.49e-06
    batch 1400/2883, loss: 0.0535, lr: 4.48e-06
    batch 1600/2883, loss: 0.0473, lr: 4.48e-06
    batch 1800/2883, loss: 0.0856, lr: 4.47e-06
    batch 2000/2883, loss: 0.0541, lr: 4.46e-06
    batch 2200/2883, loss: 0.0550, lr: 4.45e-06
    batch 2400/2883, loss: 0.0652, lr: 4.45e-06
    batch 2600/2883, loss: 0.0392, lr: 4.44e-06
    batch 2800/2883, loss: 0.0491, lr: 4.43e-06
 30 |  4.43e-06  4.43e-05 |  0.0713 0.9732 0.8099 0.8901 0.8998 0.8950 |  0.1073 0.9759 0.8107 0.8929 0.8980 0.8954 |    N/A | 5514s (1/15)
    batch 200/2883, loss: 0.0403, lr: 4.42e-06
    batch 400/2883, loss: 0.0634, lr: 4.41e-06
    batch 600/2883, loss: 0.0888, lr: 4.41e-06
    batch 800/2883, loss: 0.0532, lr: 4.40e-06
    batch 1000/2883, loss: 0.0664, lr: 4.39e-06
    batch 1200/2883, loss: 0.0938, lr: 4.38e-06
    batch 1400/2883, loss: 0.0690, lr: 4.37e-06
    batch 1600/2883, loss: 0.0315, lr: 4.37e-06
    batch 1800/2883, loss: 0.0577, lr: 4.36e-06
    batch 2000/2883, loss: 0.0777, lr: 4.35e-06
    batch 2200/2883, loss: 0.0458, lr: 4.34e-06
    batch 2400/2883, loss: 0.0585, lr: 4.34e-06
    batch 2600/2883, loss: 0.1201, lr: 4.33e-06
    batch 2800/2883, loss: 0.0637, lr: 4.32e-06
 31 |  4.32e-06  4.32e-05 |  0.0699 0.9733 0.8106 0.8906 0.9002 0.8954 |  0.1042 0.9762 0.8127 0.8931 0.9002 0.8967 |    N/A | 5511s ★ BEST
    batch 200/2883, loss: 0.0751, lr: 4.31e-06
    batch 400/2883, loss: 0.0449, lr: 4.30e-06
    batch 600/2883, loss: 0.0690, lr: 4.29e-06
    batch 800/2883, loss: 0.0949, lr: 4.29e-06
    batch 1000/2883, loss: 0.0434, lr: 4.28e-06
    batch 1200/2883, loss: 0.0814, lr: 4.27e-06
    batch 1400/2883, loss: 0.0785, lr: 4.26e-06
    batch 1600/2883, loss: 0.0613, lr: 4.26e-06
    batch 1800/2883, loss: 0.0538, lr: 4.25e-06
    batch 2000/2883, loss: 0.0613, lr: 4.24e-06
    batch 2200/2883, loss: 0.0654, lr: 4.23e-06
    batch 2400/2883, loss: 0.0659, lr: 4.22e-06
    batch 2600/2883, loss: 0.0568, lr: 4.22e-06
    batch 2800/2883, loss: 0.0750, lr: 4.21e-06
 32 |  4.21e-06  4.21e-05 |  0.0709 0.9735 0.8117 0.8914 0.9008 0.8961 |  0.1090 0.9756 0.8107 0.8825 0.9087 0.8954 |    N/A | 5511s (1/15)
    batch 200/2883, loss: 0.0631, lr: 4.20e-06
    batch 400/2883, loss: 0.0487, lr: 4.19e-06
    batch 600/2883, loss: 0.0436, lr: 4.18e-06
    batch 800/2883, loss: 0.0772, lr: 4.17e-06
    batch 1000/2883, loss: 0.0659, lr: 4.17e-06
    batch 1200/2883, loss: 0.0899, lr: 4.16e-06
    batch 1400/2883, loss: 0.0725, lr: 4.15e-06
    batch 1600/2883, loss: 0.0763, lr: 4.14e-06
    batch 1800/2883, loss: 0.0543, lr: 4.13e-06
    batch 2000/2883, loss: 0.0829, lr: 4.13e-06
    batch 2200/2883, loss: 0.0389, lr: 4.12e-06
    batch 2400/2883, loss: 0.0502, lr: 4.11e-06
    batch 2600/2883, loss: 0.0640, lr: 4.10e-06
    batch 2800/2883, loss: 0.0785, lr: 4.09e-06
 33 |  4.09e-06  4.09e-05 |  0.0694 0.9738 0.8135 0.8931 0.9012 0.8971 |  0.0994 0.9761 0.8121 0.8945 0.8981 0.8963 |    N/A | 5518s (2/15)
    batch 200/2883, loss: 0.0683, lr: 4.08e-06
    batch 400/2883, loss: 0.0456, lr: 4.07e-06
    batch 600/2883, loss: 0.1290, lr: 4.07e-06
    batch 800/2883, loss: 0.0440, lr: 4.06e-06
    batch 1000/2883, loss: 0.0446, lr: 4.05e-06
    batch 1200/2883, loss: 0.0438, lr: 4.04e-06
    batch 1400/2883, loss: 0.0699, lr: 4.03e-06
    batch 1600/2883, loss: 0.0760, lr: 4.03e-06
    batch 1800/2883, loss: 0.0454, lr: 4.02e-06
    batch 2000/2883, loss: 0.0983, lr: 4.01e-06
    batch 2200/2883, loss: 0.0650, lr: 4.00e-06
    batch 2400/2883, loss: 0.0631, lr: 3.99e-06
    batch 2600/2883, loss: 0.0677, lr: 3.99e-06
    batch 2800/2883, loss: 0.1028, lr: 3.98e-06
 34 |  3.97e-06  3.97e-05 |  0.0698 0.9739 0.8145 0.8935 0.9020 0.8977 |  0.0971 0.9763 0.8140 0.8905 0.9046 0.8975 |    N/A | 5511s ★ BEST
    batch 200/2883, loss: 0.0501, lr: 3.97e-06
    batch 400/2883, loss: 0.0507, lr: 3.96e-06
    batch 600/2883, loss: 0.0883, lr: 3.95e-06
    batch 800/2883, loss: 0.0426, lr: 3.94e-06
    batch 1000/2883, loss: 0.0518, lr: 3.93e-06
    batch 1200/2883, loss: 0.0603, lr: 3.93e-06
    batch 1400/2883, loss: 0.1324, lr: 3.92e-06
    batch 1600/2883, loss: 0.0514, lr: 3.91e-06
    batch 1800/2883, loss: 0.0769, lr: 3.90e-06
    batch 2000/2883, loss: 0.0708, lr: 3.89e-06
    batch 2200/2883, loss: 0.0580, lr: 3.88e-06
    batch 2400/2883, loss: 0.0483, lr: 3.88e-06
    batch 2600/2883, loss: 0.0634, lr: 3.87e-06
    batch 2800/2883, loss: 0.0552, lr: 3.86e-06
 35 |  3.86e-06  3.86e-05 |  0.0688 0.9740 0.8153 0.8942 0.9023 0.8982 |  0.1004 0.9760 0.8133 0.8859 0.9084 0.8970 |    N/A | 5506s (1/15)
    batch 200/2883, loss: 0.0448, lr: 3.85e-06
    batch 400/2883, loss: 0.0531, lr: 3.84e-06
    batch 600/2883, loss: 0.0542, lr: 3.83e-06
    batch 800/2883, loss: 0.0321, lr: 3.82e-06
    batch 1000/2883, loss: 0.0517, lr: 3.81e-06
    batch 1200/2883, loss: 0.0812, lr: 3.81e-06
    batch 1400/2883, loss: 0.0953, lr: 3.80e-06
    batch 1600/2883, loss: 0.0589, lr: 3.79e-06
    batch 1800/2883, loss: 0.0829, lr: 3.78e-06
    batch 2000/2883, loss: 0.0538, lr: 3.77e-06
    batch 2200/2883, loss: 0.0631, lr: 3.76e-06
    batch 2400/2883, loss: 0.0770, lr: 3.76e-06
    batch 2600/2883, loss: 0.0464, lr: 3.75e-06
    batch 2800/2883, loss: 0.0756, lr: 3.74e-06
 36 |  3.74e-06  3.74e-05 |  0.0685 0.9741 0.8156 0.8943 0.9026 0.8984 |  0.0984 0.9763 0.8137 0.8922 0.9025 0.8973 |    N/A | 5503s (2/15)
    batch 200/2883, loss: 0.0919, lr: 3.73e-06
    batch 400/2883, loss: 0.0389, lr: 3.72e-06
    batch 600/2883, loss: 0.0795, lr: 3.71e-06
    batch 800/2883, loss: 0.0698, lr: 3.70e-06
    batch 1000/2883, loss: 0.0464, lr: 3.69e-06
    batch 1200/2883, loss: 0.0729, lr: 3.69e-06
    batch 1400/2883, loss: 0.0650, lr: 3.68e-06
    batch 1600/2883, loss: 0.0643, lr: 3.67e-06
    batch 1800/2883, loss: 0.0743, lr: 3.66e-06
    batch 2000/2883, loss: 0.0710, lr: 3.65e-06
    batch 2200/2883, loss: 0.0773, lr: 3.64e-06
    batch 2400/2883, loss: 0.0695, lr: 3.64e-06
    batch 2600/2883, loss: 0.0506, lr: 3.63e-06
    batch 2800/2883, loss: 0.0796, lr: 3.62e-06
 37 |  3.62e-06  3.62e-05 |  0.0682 0.9745 0.8176 0.8955 0.9039 0.8997 |  0.0962 0.9765 0.8149 0.8950 0.9010 0.8980 |    N/A | 5507s ★ BEST
    batch 200/2883, loss: 0.0637, lr: 3.61e-06
    batch 400/2883, loss: 0.0441, lr: 3.60e-06
    batch 600/2883, loss: 0.0526, lr: 3.59e-06
    batch 800/2883, loss: 0.0866, lr: 3.58e-06
    batch 1000/2883, loss: 0.0481, lr: 3.57e-06
    batch 1200/2883, loss: 0.0345, lr: 3.57e-06
    batch 1400/2883, loss: 0.0866, lr: 3.56e-06
    batch 1600/2883, loss: 0.0663, lr: 3.55e-06
    batch 1800/2883, loss: 0.0412, lr: 3.54e-06
    batch 2000/2883, loss: 0.0899, lr: 3.53e-06
    batch 2200/2883, loss: 0.0563, lr: 3.52e-06
    batch 2400/2883, loss: 0.0551, lr: 3.51e-06
    batch 2600/2883, loss: 0.0508, lr: 3.51e-06
    batch 2800/2883, loss: 0.0281, lr: 3.50e-06
 38 |  3.49e-06  3.49e-05 |  0.0681 0.9745 0.8180 0.8960 0.9038 0.8999 |  0.1061 0.9761 0.8126 0.8908 0.9025 0.8966 |    N/A | 5505s (1/15)
    batch 200/2883, loss: 0.0503, lr: 3.49e-06
    batch 400/2883, loss: 0.0619, lr: 3.48e-06
    batch 600/2883, loss: 0.0634, lr: 3.47e-06
    batch 800/2883, loss: 0.0520, lr: 3.46e-06
    batch 1000/2883, loss: 0.0436, lr: 3.45e-06
    batch 1200/2883, loss: 0.0921, lr: 3.44e-06
    batch 1400/2883, loss: 0.1110, lr: 3.43e-06
    batch 1600/2883, loss: 0.0714, lr: 3.43e-06
    batch 1800/2883, loss: 0.0492, lr: 3.42e-06
    batch 2000/2883, loss: 0.0752, lr: 3.41e-06
    batch 2200/2883, loss: 0.0685, lr: 3.40e-06
    batch 2400/2883, loss: 0.0678, lr: 3.39e-06
    batch 2600/2883, loss: 0.0606, lr: 3.38e-06
    batch 2800/2883, loss: 0.0367, lr: 3.37e-06
 39 |  3.37e-06  3.37e-05 |  0.0674 0.9747 0.8197 0.8970 0.9049 0.9009 |  0.1051 0.9765 0.8152 0.8957 0.9007 0.8982 |    N/A | 5510s ★ BEST
    batch 200/2883, loss: 0.0588, lr: 3.36e-06
    batch 400/2883, loss: 0.0602, lr: 3.35e-06
    batch 600/2883, loss: 0.1004, lr: 3.35e-06
    batch 800/2883, loss: 0.0515, lr: 3.34e-06
    batch 1000/2883, loss: 0.0699, lr: 3.33e-06
    batch 1200/2883, loss: 0.0692, lr: 3.32e-06
    batch 1400/2883, loss: 0.0650, lr: 3.31e-06
    batch 1600/2883, loss: 0.0905, lr: 3.30e-06
    batch 1800/2883, loss: 0.0346, lr: 3.29e-06
    batch 2000/2883, loss: 0.0632, lr: 3.29e-06
    batch 2200/2883, loss: 0.0825, lr: 3.28e-06
    batch 2400/2883, loss: 0.0685, lr: 3.27e-06
    batch 2600/2883, loss: 0.0343, lr: 3.26e-06
    batch 2800/2883, loss: 0.0498, lr: 3.25e-06
 40 |  3.25e-06  3.25e-05 |  0.0673 0.9747 0.8196 0.8972 0.9045 0.9008 |  0.0986 0.9767 0.8169 0.8939 0.9046 0.8992 |    N/A | 5503s ★ BEST
    batch 200/2883, loss: 0.0254, lr: 3.24e-06
    batch 400/2883, loss: 0.0876, lr: 3.23e-06
    batch 600/2883, loss: 0.0682, lr: 3.22e-06
    batch 800/2883, loss: 0.0757, lr: 3.21e-06
    batch 1000/2883, loss: 0.0745, lr: 3.20e-06
    batch 1200/2883, loss: 0.0688, lr: 3.20e-06
    batch 1400/2883, loss: 0.0638, lr: 3.19e-06
    batch 1600/2883, loss: 0.0728, lr: 3.18e-06
    batch 1800/2883, loss: 0.0575, lr: 3.17e-06
    batch 2000/2883, loss: 0.0559, lr: 3.16e-06
    batch 2200/2883, loss: 0.0668, lr: 3.15e-06
    batch 2400/2883, loss: 0.0268, lr: 3.14e-06
    batch 2600/2883, loss: 0.0419, lr: 3.14e-06
    batch 2800/2883, loss: 0.1794, lr: 3.13e-06
 41 |  3.12e-06  3.12e-05 |  0.0666 0.9749 0.8208 0.8979 0.9053 0.9016 |  0.0956 0.9766 0.8160 0.8935 0.9040 0.8987 |    N/A | 5503s (1/15)
    batch 200/2883, loss: 0.0961, lr: 3.12e-06
    batch 400/2883, loss: 0.0569, lr: 3.11e-06
    batch 600/2883, loss: 0.0549, lr: 3.10e-06
    batch 800/2883, loss: 0.0589, lr: 3.09e-06
    batch 1000/2883, loss: 0.0512, lr: 3.08e-06
    batch 1200/2883, loss: 0.0523, lr: 3.07e-06
    batch 1400/2883, loss: 0.0688, lr: 3.06e-06
    batch 1600/2883, loss: 0.0628, lr: 3.06e-06
    batch 1800/2883, loss: 0.0772, lr: 3.05e-06
    batch 2000/2883, loss: 0.0484, lr: 3.04e-06
    batch 2200/2883, loss: 0.0727, lr: 3.03e-06
    batch 2400/2883, loss: 0.0863, lr: 3.02e-06
    batch 2600/2883, loss: 0.0389, lr: 3.01e-06
    batch 2800/2883, loss: 0.0492, lr: 3.00e-06
 42 |  3.00e-06  3.00e-05 |  0.0667 0.9750 0.8210 0.8981 0.9054 0.9017 |  0.0993 0.9768 0.8165 0.8992 0.8988 0.8990 |    N/A | 5507s (2/15)
    batch 200/2883, loss: 0.0832, lr: 2.99e-06
    batch 400/2883, loss: 0.0613, lr: 2.98e-06
    batch 600/2883, loss: 0.0510, lr: 2.97e-06
    batch 800/2883, loss: 0.0897, lr: 2.97e-06
    batch 1000/2883, loss: 0.0499, lr: 2.96e-06
    batch 1200/2883, loss: 0.0475, lr: 2.95e-06
    batch 1400/2883, loss: 0.0603, lr: 2.94e-06
    batch 1600/2883, loss: 0.0697, lr: 2.93e-06
    batch 1800/2883, loss: 0.0476, lr: 2.92e-06
    batch 2000/2883, loss: 0.0859, lr: 2.91e-06
    batch 2200/2883, loss: 0.0330, lr: 2.91e-06
    batch 2400/2883, loss: 0.0271, lr: 2.90e-06
    batch 2600/2883, loss: 0.1286, lr: 2.89e-06
    batch 2800/2883, loss: 0.0626, lr: 2.88e-06
 43 |  2.88e-06  2.88e-05 |  0.0662 0.9752 0.8225 0.8991 0.9061 0.9026 |  0.1012 0.9767 0.8156 0.8994 0.8975 0.8985 |    N/A | 5506s (3/15)
    batch 200/2883, loss: 0.0668, lr: 2.87e-06
    batch 400/2883, loss: 0.0515, lr: 2.86e-06
    batch 600/2883, loss: 0.0785, lr: 2.85e-06
    batch 800/2883, loss: 0.0825, lr: 2.84e-06
    batch 1000/2883, loss: 0.0701, lr: 2.83e-06
    batch 1200/2883, loss: 0.0366, lr: 2.82e-06
    batch 1400/2883, loss: 0.0794, lr: 2.82e-06
    batch 1600/2883, loss: 0.0560, lr: 2.81e-06
    batch 1800/2883, loss: 0.0511, lr: 2.80e-06
    batch 2000/2883, loss: 0.1028, lr: 2.79e-06
    batch 2200/2883, loss: 0.0511, lr: 2.78e-06
    batch 2400/2883, loss: 0.0523, lr: 2.77e-06
    batch 2600/2883, loss: 0.0883, lr: 2.76e-06
    batch 2800/2883, loss: 0.0962, lr: 2.76e-06
 44 |  2.75e-06  2.75e-05 |  0.0661 0.9752 0.8228 0.8992 0.9064 0.9028 |  0.0982 0.9769 0.8180 0.8955 0.9043 0.8999 |    N/A | 5506s ★ BEST
    batch 200/2883, loss: 0.0825, lr: 2.74e-06
    batch 400/2883, loss: 0.0723, lr: 2.74e-06
    batch 600/2883, loss: 0.0602, lr: 2.73e-06
    batch 800/2883, loss: 0.0599, lr: 2.72e-06
    batch 1000/2883, loss: 0.0604, lr: 2.71e-06
    batch 1200/2883, loss: 0.0487, lr: 2.70e-06
    batch 1400/2883, loss: 0.0443, lr: 2.69e-06
    batch 1600/2883, loss: 0.0414, lr: 2.68e-06
    batch 1800/2883, loss: 0.0674, lr: 2.68e-06
    batch 2000/2883, loss: 0.0503, lr: 2.67e-06
    batch 2200/2883, loss: 0.0393, lr: 2.66e-06
    batch 2400/2883, loss: 0.0824, lr: 2.65e-06
    batch 2600/2883, loss: 0.0381, lr: 2.64e-06
    batch 2800/2883, loss: 0.0663, lr: 2.63e-06
 45 |  2.63e-06  2.63e-05 |  0.0660 0.9753 0.8226 0.8990 0.9064 0.9027 |  0.1015 0.9766 0.8157 0.8945 0.9025 0.8985 |    N/A | 5504s (1/15)
    batch 200/2883, loss: 0.0636, lr: 2.62e-06
    batch 400/2883, loss: 0.0486, lr: 2.61e-06
    batch 600/2883, loss: 0.0621, lr: 2.60e-06
    batch 800/2883, loss: 0.0603, lr: 2.59e-06
    batch 1000/2883, loss: 0.0660, lr: 2.59e-06
    batch 1200/2883, loss: 0.0386, lr: 2.58e-06
    batch 1400/2883, loss: 0.0752, lr: 2.57e-06
    batch 1600/2883, loss: 0.0684, lr: 2.56e-06
    batch 1800/2883, loss: 0.0460, lr: 2.55e-06
    batch 2000/2883, loss: 0.0870, lr: 2.54e-06
    batch 2200/2883, loss: 0.0441, lr: 2.54e-06
    batch 2400/2883, loss: 0.0547, lr: 2.53e-06
    batch 2600/2883, loss: 0.0466, lr: 2.52e-06
