Device: cuda
  GPU 0: NVIDIA A16, 14.6 GB

Dataset: ./woodland_data
  Task: woodland (target_class=2, binary_masks=True)
  Train: 2,144 (67%)
  Val:   491 (15%)
  Test:  569 (18%)

Model: convnext_xlarge + MLP Decoder
  Encoder: convnext_xlarge (348,143,872 params)
  Encoder channels: [256, 512, 1024, 2048]
  Decoder: MLP (embed_dim=256, 1,838,337 params)
  Total parameters: 349,982,209
  Dropout: 0.1

Training config:
  Epochs: 80 (patience: 15)
  Batch size: 6 x 1 accumulation = 6 effective
  Encoder LR: 6.00e-06 | Decoder LR: 6.00e-05
  Weight decay: 0.0005
  Loss: Focal (alpha=0.25, gamma=2.0) + Dice (50/50)
  Scheduler: OneCycleLR (28560 total steps)
  Mixed precision: fp16

========================================================================================================================
 EP |    Enc LR    Dec LR |  TrLoss  TrAcc  TrIoU TrPrec  TrRec   TrF1 |   VLoss   VAcc   VIoU  VPrec   VRec    VF1 |    EMA |    T
========================================================================================================================
    batch 200/357, loss: 0.3703, lr: 5.15e-07
  1 |  1.08e-06  1.08e-05 |  0.2988 0.6547 0.3956 0.4390 0.7997 0.5669 |  0.1978 0.9068 0.7902 0.8117 0.9675 0.8828 |    N/A | 708s ★ BEST
    batch 200/357, loss: 0.1677, lr: 2.15e-06
  2 |  3.12e-06  3.12e-05 |  0.1952 0.8551 0.6260 0.7011 0.8539 0.7700 |  0.1408 0.9551 0.8826 0.9447 0.9307 0.9376 |    N/A | 695s ★ BEST
    batch 200/357, loss: 0.1601, lr: 4.35e-06
  3 |  5.16e-06  5.16e-05 |  0.1503 0.9114 0.7387 0.8209 0.8806 0.8497 |  0.1490 0.9518 0.8801 0.8997 0.9758 0.9362 |    N/A | 696s (1/15)
    batch 200/357, loss: 0.0921, lr: 5.83e-06
  4 |  6.00e-06  6.00e-05 |  0.1314 0.9257 0.7694 0.8660 0.8734 0.8697 |  0.1155 0.9593 0.8952 0.9317 0.9581 0.9447 |    N/A | 694s ★ BEST
    batch 200/357, loss: 0.1289, lr: 6.00e-06
  5 |  6.00e-06  6.00e-05 |  0.1085 0.9383 0.8051 0.8870 0.8971 0.8921 |  0.1087 0.9595 0.8951 0.9358 0.9536 0.9447 |    N/A | 694s (1/15)
    batch 200/357, loss: 0.0784, lr: 5.99e-06
  6 |  5.99e-06  5.99e-05 |  0.0970 0.9421 0.8161 0.8971 0.9004 0.8987 |  0.1000 0.9606 0.8983 0.9338 0.9594 0.9464 |    N/A | 694s ★ BEST
    batch 200/357, loss: 0.4508, lr: 5.98e-06
  7 |  5.98e-06  5.98e-05 |  0.0934 0.9454 0.8259 0.8976 0.9117 0.9046 |  0.0989 0.9600 0.8957 0.9432 0.9467 0.9450 |    N/A | 696s (1/15)
    batch 200/357, loss: 0.2905, lr: 5.97e-06
  8 |  5.96e-06  5.96e-05 |  0.0868 0.9499 0.8385 0.9101 0.9142 0.9122 |  0.1001 0.9562 0.8886 0.9205 0.9625 0.9410 |    N/A | 694s (2/15)
    batch 200/357, loss: 0.0965, lr: 5.95e-06
  9 |  5.94e-06  5.94e-05 |  0.0873 0.9483 0.8342 0.9032 0.9161 0.9096 |  0.0936 0.9603 0.8973 0.9360 0.9559 0.9459 |    N/A | 694s (3/15)
    batch 200/357, loss: 0.0433, lr: 5.92e-06
 10 |  5.91e-06  5.91e-05 |  0.0804 0.9515 0.8441 0.9098 0.9211 0.9155 |  0.0948 0.9590 0.8940 0.9354 0.9528 0.9441 |    N/A | 693s (4/15)
    batch 200/357, loss: 0.1030, lr: 5.89e-06
 11 |  5.88e-06  5.88e-05 |  0.0787 0.9534 0.8484 0.9159 0.9201 0.9180 |  0.0927 0.9592 0.8946 0.9340 0.9549 0.9443 |    N/A | 693s (5/15)
    batch 200/357, loss: 0.0615, lr: 5.85e-06
 12 |  5.84e-06  5.84e-05 |  0.0771 0.9553 0.8553 0.9155 0.9286 0.9220 |  0.0936 0.9594 0.8947 0.9374 0.9515 0.9444 |    N/A | 695s (6/15)
    batch 200/357, loss: 0.1006, lr: 5.81e-06
 13 |  5.79e-06  5.79e-05 |  0.0691 0.9566 0.8601 0.9158 0.9340 0.9248 |  0.0897 0.9612 0.8992 0.9400 0.9540 0.9469 |    N/A | 694s ★ BEST
    batch 200/357, loss: 0.0324, lr: 5.77e-06
 14 |  5.75e-06  5.75e-05 |  0.0692 0.9581 0.8631 0.9211 0.9320 0.9265 |  0.0906 0.9598 0.8963 0.9331 0.9579 0.9453 |    N/A | 692s (1/15)
    batch 200/357, loss: 0.0520, lr: 5.72e-06
 15 |  5.70e-06  5.70e-05 |  0.0700 0.9570 0.8602 0.9139 0.9361 0.9249 |  0.0913 0.9600 0.8967 0.9333 0.9581 0.9455 |    N/A | 694s (2/15)
    batch 200/357, loss: 0.0485, lr: 5.66e-06
 16 |  5.64e-06  5.64e-05 |  0.0708 0.9544 0.8524 0.9107 0.9301 0.9203 |  0.0854 0.9623 0.9025 0.9350 0.9628 0.9487 |    N/A | 694s ★ BEST
    batch 200/357, loss: 0.0358, lr: 5.60e-06
 17 |  5.58e-06  5.58e-05 |  0.0652 0.9576 0.8624 0.9185 0.9339 0.9261 |  0.0851 0.9622 0.9021 0.9374 0.9599 0.9485 |    N/A | 693s (1/15)
    batch 200/357, loss: 0.0846, lr: 5.54e-06
 18 |  5.51e-06  5.51e-05 |  0.0686 0.9584 0.8637 0.9221 0.9317 0.9269 |  0.0958 0.9548 0.8860 0.9113 0.9696 0.9396 |    N/A | 692s (2/15)
    batch 200/357, loss: 0.0465, lr: 5.47e-06
 19 |  5.44e-06  5.44e-05 |  0.0668 0.9576 0.8616 0.9218 0.9296 0.9257 |  0.0887 0.9604 0.8979 0.9323 0.9606 0.9462 |    N/A | 694s (3/15)
    batch 200/357, loss: 0.0238, lr: 5.40e-06
 20 |  5.37e-06  5.37e-05 |  0.0659 0.9599 0.8687 0.9241 0.9354 0.9297 |  0.0853 0.9620 0.9018 0.9354 0.9617 0.9484 |    N/A | 694s (4/15)
    batch 200/357, loss: 0.1461, lr: 5.32e-06
 21 |  5.29e-06  5.29e-05 |  0.0627 0.9595 0.8677 0.9225 0.9359 0.9291 |  0.0881 0.9620 0.9007 0.9460 0.9496 0.9478 |    N/A | 693s (5/15)
    batch 200/357, loss: 0.1342, lr: 5.24e-06
 22 |  5.21e-06  5.21e-05 |  0.0648 0.9619 0.8756 0.9264 0.9411 0.9337 |  0.0857 0.9624 0.9023 0.9411 0.9563 0.9486 |    N/A | 695s (6/15)
    batch 200/357, loss: 0.0350, lr: 5.16e-06
 23 |  5.12e-06  5.12e-05 |  0.0596 0.9625 0.8775 0.9283 0.9413 0.9348 |  0.0860 0.9604 0.8976 0.9356 0.9567 0.9461 |    N/A | 694s (7/15)
    batch 200/357, loss: 0.0310, lr: 5.07e-06
 24 |  5.03e-06  5.03e-05 |  0.0593 0.9621 0.8759 0.9289 0.9388 0.9338 |  0.0839 0.9612 0.9004 0.9278 0.9683 0.9476 |    N/A | 693s (8/15)
    batch 200/357, loss: 0.0452, lr: 4.98e-06
 25 |  4.94e-06  4.94e-05 |  0.0619 0.9620 0.8759 0.9245 0.9434 0.9338 |  0.0905 0.9608 0.8965 0.9539 0.9371 0.9454 |    N/A | 694s (9/15)
    batch 200/357, loss: 0.0480, lr: 4.89e-06
 26 |  4.84e-06  4.84e-05 |  0.0622 0.9617 0.8744 0.9271 0.9390 0.9330 |  0.0938 0.9560 0.8884 0.9180 0.9650 0.9409 |    N/A | 694s (10/15)
    batch 200/357, loss: 0.0785, lr: 4.79e-06
 27 |  4.74e-06  4.74e-05 |  0.0591 0.9635 0.8796 0.9316 0.9403 0.9359 |  0.0861 0.9611 0.8998 0.9329 0.9620 0.9472 |    N/A | 694s (11/15)
    batch 200/357, loss: 0.0159, lr: 4.69e-06
 28 |  4.64e-06  4.64e-05 |  0.0589 0.9613 0.8743 0.9249 0.9411 0.9329 |  0.0863 0.9607 0.8986 0.9342 0.9593 0.9466 |    N/A | 693s (12/15)
    batch 200/357, loss: 0.1042, lr: 4.58e-06
 29 |  4.54e-06  4.54e-05 |  0.0580 0.9631 0.8792 0.9290 0.9426 0.9357 |  0.0856 0.9625 0.9021 0.9430 0.9541 0.9485 |    N/A | 694s (13/15)
    batch 200/357, loss: 0.0940, lr: 4.48e-06
 30 |  4.43e-06  4.43e-05 |  0.0585 0.9635 0.8806 0.9286 0.9445 0.9365 |  0.0892 0.9604 0.8962 0.9472 0.9433 0.9453 |    N/A | 694s (14/15)
    batch 200/357, loss: 0.0619, lr: 4.37e-06
 31 |  4.32e-06  4.32e-05 |  0.0564 0.9632 0.8791 0.9275 0.9440 0.9357 |  0.0864 0.9625 0.9023 0.9436 0.9537 0.9486 |    N/A | 695s (15/15)

Early stopping after 31 epochs (no improvement for 15 epochs)

========================================================================================================================
FINAL EVALUATION ON HELD-OUT TEST SET
========================================================================================================================

  Best model from epoch 16
  Metric               Train        Val       Test
  ---------------------------------------------
  accuracy            0.9544     0.9623     0.9573
  iou                 0.8524     0.9025     0.8992
  precision           0.9107     0.9350     0.9475
  recall              0.9301     0.9628     0.9464
  f1                  0.9203     0.9487     0.9469

  Total training time: 361.3 minutes
  Checkpoint: checkpoints_segformer/best_woodland.pth
  Training log: checkpoints_segformer/training_log_woodland.csv
  Test results: checkpoints_segformer/test_results_woodland.txt

Done!
